<?xml version="1.0" encoding="UTF-8"?>
<testsuite name="ab1.Ab1Test" tests="1" skipped="0" failures="0" errors="0" timestamp="2021-04-22T20:58:36" hostname="DESKTOP-POS75BU" time="0.09">
  <properties/>
  <testcase name="testMergeSortSmall()" classname="ab1.Ab1Test" time="0.09"/>
  <system-out><![CDATA[]]></system-out>
  <system-err><![CDATA[]]></system-err>
</testsuite>
